\BOOKMARK [0][-]{chapter.1}{\376\377\0001\000\040\000H\000i\000e\000r\000a\000r\000c\000h\000i\000c\000a\000l\000\040\000I\000n\000d\000e\000x}{}% 1
\BOOKMARK [1][-]{section.1.1}{\376\377\0001\000.\0001\000\040\000C\000l\000a\000s\000s\000\040\000H\000i\000e\000r\000a\000r\000c\000h\000y}{chapter.1}% 2
\BOOKMARK [0][-]{chapter.2}{\376\377\0002\000\040\000C\000l\000a\000s\000s\000\040\000I\000n\000d\000e\000x}{}% 3
\BOOKMARK [1][-]{section.2.1}{\376\377\0002\000.\0001\000\040\000C\000l\000a\000s\000s\000\040\000L\000i\000s\000t}{chapter.2}% 4
\BOOKMARK [0][-]{chapter.3}{\376\377\0003\000\040\000C\000l\000a\000s\000s\000\040\000D\000o\000c\000u\000m\000e\000n\000t\000a\000t\000i\000o\000n}{}% 5
\BOOKMARK [1][-]{section.3.1}{\376\377\0003\000.\0001\000\040\000A\000r\000r\000o\000w\000A\000n\000i\000m\000\040\000C\000l\000a\000s\000s\000\040\000R\000e\000f\000e\000r\000e\000n\000c\000e}{chapter.3}% 6
\BOOKMARK [1][-]{section.3.2}{\376\377\0003\000.\0002\000\040\000A\000v\000a\000i\000l\000a\000b\000l\000e\000I\000n\000s\000t\000r\000u\000c\000t\000i\000o\000n\000s\000\040\000C\000l\000a\000s\000s\000\040\000R\000e\000f\000e\000r\000e\000n\000c\000e}{chapter.3}% 7
\BOOKMARK [1][-]{section.3.3}{\376\377\0003\000.\0003\000\040\000B\000i\000g\000C\000h\000a\000r\000a\000c\000t\000e\000r\000\040\000C\000l\000a\000s\000s\000\040\000R\000e\000f\000e\000r\000e\000n\000c\000e}{chapter.3}% 8
\BOOKMARK [2][-]{subsection.3.3.1}{\376\377\0003\000.\0003\000.\0001\000\040\000M\000e\000m\000b\000e\000r\000\040\000F\000u\000n\000c\000t\000i\000o\000n\000\040\000D\000o\000c\000u\000m\000e\000n\000t\000a\000t\000i\000o\000n}{section.3.3}% 9
\BOOKMARK [3][-]{subsubsection.3.3.1.1}{\376\377\0003\000.\0003\000.\0001\000.\0001\000\040\000A\000r\000e\000A\000l\000l\000A\000c\000t\000i\000o\000n\000s\000F\000i\000n\000i\000s\000h\000e\000d\000\050\000\051}{subsection.3.3.1}% 10
\BOOKMARK [2][-]{subsection.3.3.2}{\376\377\0003\000.\0003\000.\0002\000\040\000M\000e\000m\000b\000e\000r\000\040\000D\000a\000t\000a\000\040\000D\000o\000c\000u\000m\000e\000n\000t\000a\000t\000i\000o\000n}{section.3.3}% 11
\BOOKMARK [3][-]{subsubsection.3.3.2.1}{\376\377\0003\000.\0003\000.\0002\000.\0001\000\040\000a\000c\000t\000i\000o\000n\000S\000p\000e\000e\000d}{subsection.3.3.2}% 12
\BOOKMARK [3][-]{subsubsection.3.3.2.2}{\376\377\0003\000.\0003\000.\0002\000.\0002\000\040\000d\000e\000s\000c\000e\000n\000d\000J\000u\000m\000p\000P\000c\000t}{subsection.3.3.2}% 13
\BOOKMARK [3][-]{subsubsection.3.3.2.3}{\376\377\0003\000.\0003\000.\0002\000.\0003\000\040\000i\000n\000i\000t\000i\000a\000l\000A\000c\000t\000i\000o\000n\000C\000a\000p\000a\000c\000i\000t\000y}{subsection.3.3.2}% 14
\BOOKMARK [3][-]{subsubsection.3.3.2.4}{\376\377\0003\000.\0003\000.\0002\000.\0004\000\040\000j\000u\000m\000p\000P\000c\000t}{subsection.3.3.2}% 15
\BOOKMARK [3][-]{subsubsection.3.3.2.5}{\376\377\0003\000.\0003\000.\0002\000.\0005\000\040\000r\000o\000t\000a\000t\000i\000o\000n\000T\000i\000m\000e}{subsection.3.3.2}% 16
\BOOKMARK [3][-]{subsubsection.3.3.2.6}{\376\377\0003\000.\0003\000.\0002\000.\0006\000\040\000t\000a\000k\000e\000O\000f\000f}{subsection.3.3.2}% 17
\BOOKMARK [1][-]{section.3.4}{\376\377\0003\000.\0004\000\040\000B\000l\000o\000c\000k\000\040\000C\000l\000a\000s\000s\000\040\000R\000e\000f\000e\000r\000e\000n\000c\000e}{chapter.3}% 18
\BOOKMARK [1][-]{section.3.5}{\376\377\0003\000.\0005\000\040\000B\000l\000o\000c\000k\000E\000x\000p\000l\000o\000d\000e\000r\000\040\000C\000l\000a\000s\000s\000\040\000R\000e\000f\000e\000r\000e\000n\000c\000e}{chapter.3}% 19
\BOOKMARK [2][-]{subsection.3.5.1}{\376\377\0003\000.\0005\000.\0001\000\040\000D\000e\000t\000a\000i\000l\000e\000d\000\040\000D\000e\000s\000c\000r\000i\000p\000t\000i\000o\000n}{section.3.5}% 20
\BOOKMARK [2][-]{subsection.3.5.2}{\376\377\0003\000.\0005\000.\0002\000\040\000M\000e\000m\000b\000e\000r\000\040\000F\000u\000n\000c\000t\000i\000o\000n\000\040\000D\000o\000c\000u\000m\000e\000n\000t\000a\000t\000i\000o\000n}{section.3.5}% 21
\BOOKMARK [3][-]{subsubsection.3.5.2.1}{\376\377\0003\000.\0005\000.\0002\000.\0001\000\040\000E\000x\000p\000l\000o\000d\000e\000\050\000\051}{subsection.3.5.2}% 22
\BOOKMARK [2][-]{subsection.3.5.3}{\376\377\0003\000.\0005\000.\0003\000\040\000M\000e\000m\000b\000e\000r\000\040\000D\000a\000t\000a\000\040\000D\000o\000c\000u\000m\000e\000n\000t\000a\000t\000i\000o\000n}{section.3.5}% 23
\BOOKMARK [3][-]{subsubsection.3.5.3.1}{\376\377\0003\000.\0005\000.\0003\000.\0001\000\040\000c\000u\000b\000e\000s\000I\000n\000R\000o\000w}{subsection.3.5.3}% 24
\BOOKMARK [3][-]{subsubsection.3.5.3.2}{\376\377\0003\000.\0005\000.\0003\000.\0002\000\040\000c\000u\000b\000e\000S\000i\000z\000e}{subsection.3.5.3}% 25
\BOOKMARK [3][-]{subsubsection.3.5.3.3}{\376\377\0003\000.\0005\000.\0003\000.\0003\000\040\000e\000x\000p\000l\000o\000s\000i\000o\000n\000F\000o\000r\000c\000e}{subsection.3.5.3}% 26
\BOOKMARK [3][-]{subsubsection.3.5.3.4}{\376\377\0003\000.\0005\000.\0003\000.\0004\000\040\000e\000x\000p\000l\000o\000s\000i\000o\000n\000R\000a\000d\000i\000u\000s}{subsection.3.5.3}% 27
\BOOKMARK [3][-]{subsubsection.3.5.3.5}{\376\377\0003\000.\0005\000.\0003\000.\0005\000\040\000e\000x\000p\000l\000o\000s\000i\000o\000n\000U\000p\000w\000a\000r\000d}{subsection.3.5.3}% 28
\BOOKMARK [3][-]{subsubsection.3.5.3.6}{\376\377\0003\000.\0005\000.\0003\000.\0006\000\040\000m\000a\000s\000s}{subsection.3.5.3}% 29
\BOOKMARK [3][-]{subsubsection.3.5.3.7}{\376\377\0003\000.\0005\000.\0003\000.\0007\000\040\000p\000a\000r\000t\000i\000c\000l\000e\000D\000u\000r\000a\000t\000i\000o\000n}{subsection.3.5.3}% 30
\BOOKMARK [1][-]{section.3.6}{\376\377\0003\000.\0006\000\040\000B\000u\000t\000t\000o\000n\000C\000o\000u\000n\000t\000e\000r\000S\000c\000r\000i\000p\000t\000\040\000C\000l\000a\000s\000s\000\040\000R\000e\000f\000e\000r\000e\000n\000c\000e}{chapter.3}% 31
\BOOKMARK [1][-]{section.3.7}{\376\377\0003\000.\0007\000\040\000C\000a\000g\000e\000P\000o\000i\000n\000t\000\040\000C\000l\000a\000s\000s\000\040\000R\000e\000f\000e\000r\000e\000n\000c\000e}{chapter.3}% 32
\BOOKMARK [1][-]{section.3.8}{\376\377\0003\000.\0008\000\040\000C\000a\000m\000C\000a\000g\000e\000\040\000C\000l\000a\000s\000s\000\040\000R\000e\000f\000e\000r\000e\000n\000c\000e}{chapter.3}% 33
\BOOKMARK [1][-]{section.3.9}{\376\377\0003\000.\0009\000\040\000C\000a\000m\000e\000r\000a\000M\000s\000g\000s\000\040\000C\000l\000a\000s\000s\000\040\000R\000e\000f\000e\000r\000e\000n\000c\000e}{chapter.3}% 34
\BOOKMARK [1][-]{section.3.10}{\376\377\0003\000.\0001\0000\000\040\000C\000a\000r\000d\000C\000o\000n\000s\000t\000a\000n\000t\000s\000\040\000C\000l\000a\000s\000s\000\040\000R\000e\000f\000e\000r\000e\000n\000c\000e}{chapter.3}% 35
\BOOKMARK [1][-]{section.3.11}{\376\377\0003\000.\0001\0001\000\040\000C\000h\000a\000r\000a\000c\000t\000e\000r\000\040\000C\000l\000a\000s\000s\000\040\000R\000e\000f\000e\000r\000e\000n\000c\000e}{chapter.3}% 36
\BOOKMARK [1][-]{section.3.12}{\376\377\0003\000.\0001\0002\000\040\000C\000o\000n\000d\000i\000t\000i\000o\000n\000C\000a\000r\000d\000\040\000C\000l\000a\000s\000s\000\040\000R\000e\000f\000e\000r\000e\000n\000c\000e}{chapter.3}% 37
\BOOKMARK [1][-]{section.3.13}{\376\377\0003\000.\0001\0003\000\040\000C\000o\000n\000d\000i\000t\000i\000o\000n\000C\000a\000r\000d\000F\000r\000a\000m\000e\000\040\000C\000l\000a\000s\000s\000\040\000R\000e\000f\000e\000r\000e\000n\000c\000e}{chapter.3}% 38
\BOOKMARK [1][-]{section.3.14}{\376\377\0003\000.\0001\0004\000\040\000C\000o\000n\000d\000i\000t\000i\000o\000n\000C\000a\000r\000d\000P\000i\000c\000k\000e\000r\000\040\000C\000l\000a\000s\000s\000\040\000R\000e\000f\000e\000r\000e\000n\000c\000e}{chapter.3}% 39
\BOOKMARK [1][-]{section.3.15}{\376\377\0003\000.\0001\0005\000\040\000C\000o\000n\000n\000e\000c\000t\000o\000r\000D\000o\000u\000b\000l\000e\000\040\000C\000l\000a\000s\000s\000\040\000R\000e\000f\000e\000r\000e\000n\000c\000e}{chapter.3}% 40
\BOOKMARK [1][-]{section.3.16}{\376\377\0003\000.\0001\0006\000\040\000C\000o\000n\000n\000e\000c\000t\000o\000r\000V\000e\000r\000t\000i\000c\000a\000l\000\040\000C\000l\000a\000s\000s\000\040\000R\000e\000f\000e\000r\000e\000n\000c\000e}{chapter.3}% 41
\BOOKMARK [1][-]{section.3.17}{\376\377\0003\000.\0001\0007\000\040\000C\000o\000u\000n\000t\000e\000r\000\040\000C\000l\000a\000s\000s\000\040\000R\000e\000f\000e\000r\000e\000n\000c\000e}{chapter.3}% 42
\BOOKMARK [1][-]{section.3.18}{\376\377\0003\000.\0001\0008\000\040\000B\000l\000o\000c\000k\000.\000E\000f\000f\000e\000c\000t\000R\000e\000a\000c\000t\000i\000o\000n\000\040\000C\000l\000a\000s\000s\000\040\000R\000e\000f\000e\000r\000e\000n\000c\000e}{chapter.3}% 43
\BOOKMARK [1][-]{section.3.19}{\376\377\0003\000.\0001\0009\000\040\000E\000v\000e\000n\000t\000A\000g\000g\000r\000e\000g\000a\000t\000o\000r\000\040\000C\000l\000a\000s\000s\000\040\000R\000e\000f\000e\000r\000e\000n\000c\000e}{chapter.3}% 44
\BOOKMARK [2][-]{subsection.3.19.1}{\376\377\0003\000.\0001\0009\000.\0001\000\040\000D\000e\000t\000a\000i\000l\000e\000d\000\040\000D\000e\000s\000c\000r\000i\000p\000t\000i\000o\000n}{section.3.19}% 45
\BOOKMARK [2][-]{subsection.3.19.2}{\376\377\0003\000.\0001\0009\000.\0002\000\040\000M\000e\000m\000b\000e\000r\000\040\000F\000u\000n\000c\000t\000i\000o\000n\000\040\000D\000o\000c\000u\000m\000e\000n\000t\000a\000t\000i\000o\000n}{section.3.19}% 46
\BOOKMARK [3][-]{subsubsection.3.19.2.1}{\376\377\0003\000.\0001\0009\000.\0002\000.\0001\000\040\000P\000u\000b\000l\000i\000s\000h\000<\000\040\000T\000M\000e\000s\000s\000a\000g\000e\000T\000y\000p\000e\000\040\000>\000\050\000\051}{subsection.3.19.2}% 47
\BOOKMARK [3][-]{subsubsection.3.19.2.2}{\376\377\0003\000.\0001\0009\000.\0002\000.\0002\000\040\000S\000u\000b\000s\000c\000r\000i\000b\000e\000<\000\040\000T\000M\000e\000s\000s\000a\000g\000e\000T\000y\000p\000e\000\040\000>\000\050\000\051}{subsection.3.19.2}% 48
\BOOKMARK [3][-]{subsubsection.3.19.2.3}{\376\377\0003\000.\0001\0009\000.\0002\000.\0003\000\040\000U\000n\000s\000u\000b\000s\000c\000r\000i\000b\000e\000<\000\040\000T\000M\000e\000s\000s\000a\000g\000e\000T\000y\000p\000e\000\040\000>\000\050\000\051}{subsection.3.19.2}% 49
\BOOKMARK [2][-]{subsection.3.19.3}{\376\377\0003\000.\0001\0009\000.\0003\000\040\000P\000r\000o\000p\000e\000r\000t\000y\000\040\000D\000o\000c\000u\000m\000e\000n\000t\000a\000t\000i\000o\000n}{section.3.19}% 50
\BOOKMARK [3][-]{subsubsection.3.19.3.1}{\376\377\0003\000.\0001\0009\000.\0003\000.\0001\000\040\000I\000n\000s\000t\000a\000n\000c\000e}{subsection.3.19.3}% 51
\BOOKMARK [1][-]{section.3.20}{\376\377\0003\000.\0002\0000\000\040\000F\000a\000c\000e\000T\000a\000r\000g\000e\000t\000\040\000C\000l\000a\000s\000s\000\040\000R\000e\000f\000e\000r\000e\000n\000c\000e}{chapter.3}% 52
\BOOKMARK [1][-]{section.3.21}{\376\377\0003\000.\0002\0001\000\040\000G\000a\000m\000e\000L\000o\000g\000i\000c\000\040\000C\000l\000a\000s\000s\000\040\000R\000e\000f\000e\000r\000e\000n\000c\000e}{chapter.3}% 53
\BOOKMARK [2][-]{subsection.3.21.1}{\376\377\0003\000.\0002\0001\000.\0001\000\040\000D\000e\000t\000a\000i\000l\000e\000d\000\040\000D\000e\000s\000c\000r\000i\000p\000t\000i\000o\000n}{section.3.21}% 54
\BOOKMARK [2][-]{subsection.3.21.2}{\376\377\0003\000.\0002\0001\000.\0002\000\040\000M\000e\000m\000b\000e\000r\000\040\000F\000u\000n\000c\000t\000i\000o\000n\000\040\000D\000o\000c\000u\000m\000e\000n\000t\000a\000t\000i\000o\000n}{section.3.21}% 55
\BOOKMARK [3][-]{subsubsection.3.21.2.1}{\376\377\0003\000.\0002\0001\000.\0002\000.\0001\000\040\000A\000d\000d\000I\000n\000p\000u\000t\000F\000r\000o\000m\000B\000u\000t\000t\000o\000n\000\050\000\051}{subsection.3.21.2}% 56
\BOOKMARK [2][-]{subsection.3.21.3}{\376\377\0003\000.\0002\0001\000.\0003\000\040\000P\000r\000o\000p\000e\000r\000t\000y\000\040\000D\000o\000c\000u\000m\000e\000n\000t\000a\000t\000i\000o\000n}{section.3.21}% 57
\BOOKMARK [3][-]{subsubsection.3.21.3.1}{\376\377\0003\000.\0002\0001\000.\0003\000.\0001\000\040\000C\000u\000r\000r\000e\000n\000t\000L\000e\000v\000e\000l\000D\000a\000t\000a}{subsection.3.21.3}% 58
\BOOKMARK [1][-]{section.3.22}{\376\377\0003\000.\0002\0002\000\040\000G\000e\000n\000e\000r\000i\000c\000B\000u\000t\000t\000o\000n\000\040\000C\000l\000a\000s\000s\000\040\000R\000e\000f\000e\000r\000e\000n\000c\000e}{chapter.3}% 59
\BOOKMARK [1][-]{section.3.23}{\376\377\0003\000.\0002\0003\000\040\000H\000e\000a\000d\000F\000o\000l\000l\000o\000w\000e\000r\000\040\000C\000l\000a\000s\000s\000\040\000R\000e\000f\000e\000r\000e\000n\000c\000e}{chapter.3}% 60
\BOOKMARK [1][-]{section.3.24}{\376\377\0003\000.\0002\0004\000\040\000I\000n\000t\000e\000r\000a\000c\000t\000i\000b\000l\000e\000\040\000C\000l\000a\000s\000s\000\040\000R\000e\000f\000e\000r\000e\000n\000c\000e}{chapter.3}% 61
\BOOKMARK [2][-]{subsection.3.24.1}{\376\377\0003\000.\0002\0004\000.\0001\000\040\000D\000e\000t\000a\000i\000l\000e\000d\000\040\000D\000e\000s\000c\000r\000i\000p\000t\000i\000o\000n}{section.3.24}% 62
\BOOKMARK [1][-]{section.3.25}{\376\377\0003\000.\0002\0005\000\040\000I\000n\000t\000e\000r\000a\000c\000t\000i\000b\000l\000e\000M\000a\000n\000a\000g\000e\000r\000\040\000C\000l\000a\000s\000s\000\040\000R\000e\000f\000e\000r\000e\000n\000c\000e}{chapter.3}% 63
\BOOKMARK [2][-]{subsection.3.25.1}{\376\377\0003\000.\0002\0005\000.\0001\000\040\000D\000e\000t\000a\000i\000l\000e\000d\000\040\000D\000e\000s\000c\000r\000i\000p\000t\000i\000o\000n}{section.3.25}% 64
\BOOKMARK [1][-]{section.3.26}{\376\377\0003\000.\0002\0006\000\040\000I\000n\000t\000e\000r\000a\000c\000t\000i\000b\000l\000e\000P\000a\000r\000a\000m\000e\000t\000e\000r\000s\000\040\000C\000l\000a\000s\000s\000\040\000R\000e\000f\000e\000r\000e\000n\000c\000e}{chapter.3}% 65
\BOOKMARK [2][-]{subsection.3.26.1}{\376\377\0003\000.\0002\0006\000.\0001\000\040\000D\000e\000t\000a\000i\000l\000e\000d\000\040\000D\000e\000s\000c\000r\000i\000p\000t\000i\000o\000n}{section.3.26}% 66
\BOOKMARK [1][-]{section.3.27}{\376\377\0003\000.\0002\0007\000\040\000I\000t\000e\000m\000\040\000C\000l\000a\000s\000s\000\040\000R\000e\000f\000e\000r\000e\000n\000c\000e}{chapter.3}% 67
\BOOKMARK [1][-]{section.3.28}{\376\377\0003\000.\0002\0008\000\040\000J\000S\000o\000n\000L\000o\000a\000d\000e\000r\000\040\000C\000l\000a\000s\000s\000\040\000R\000e\000f\000e\000r\000e\000n\000c\000e}{chapter.3}% 68
\BOOKMARK [2][-]{subsection.3.28.1}{\376\377\0003\000.\0002\0008\000.\0001\000\040\000D\000e\000t\000a\000i\000l\000e\000d\000\040\000D\000e\000s\000c\000r\000i\000p\000t\000i\000o\000n}{section.3.28}% 69
\BOOKMARK [1][-]{section.3.29}{\376\377\0003\000.\0002\0009\000\040\000L\000e\000v\000e\000l\000B\000u\000t\000t\000o\000n\000s\000\040\000C\000l\000a\000s\000s\000\040\000R\000e\000f\000e\000r\000e\000n\000c\000e}{chapter.3}% 70
\BOOKMARK [1][-]{section.3.30}{\376\377\0003\000.\0003\0000\000\040\000L\000e\000v\000e\000l\000D\000a\000t\000a\000\040\000C\000l\000a\000s\000s\000\040\000R\000e\000f\000e\000r\000e\000n\000c\000e}{chapter.3}% 71
\BOOKMARK [1][-]{section.3.31}{\376\377\0003\000.\0003\0001\000\040\000L\000e\000v\000e\000l\000O\000b\000j\000e\000c\000t\000\040\000C\000l\000a\000s\000s\000\040\000R\000e\000f\000e\000r\000e\000n\000c\000e}{chapter.3}% 72
\BOOKMARK [1][-]{section.3.32}{\376\377\0003\000.\0003\0002\000\040\000L\000e\000v\000e\000l\000O\000b\000j\000e\000c\000t\000s\000\040\000C\000l\000a\000s\000s\000\040\000R\000e\000f\000e\000r\000e\000n\000c\000e}{chapter.3}% 73
\BOOKMARK [1][-]{section.3.33}{\376\377\0003\000.\0003\0003\000\040\000L\000o\000o\000p\000C\000o\000u\000n\000t\000e\000r\000\040\000C\000l\000a\000s\000s\000\040\000R\000e\000f\000e\000r\000e\000n\000c\000e}{chapter.3}% 74
\BOOKMARK [1][-]{section.3.34}{\376\377\0003\000.\0003\0004\000\040\000M\000a\000p\000C\000o\000n\000t\000a\000i\000n\000e\000r\000\040\000C\000l\000a\000s\000s\000\040\000R\000e\000f\000e\000r\000e\000n\000c\000e}{chapter.3}% 75
\BOOKMARK [1][-]{section.3.35}{\376\377\0003\000.\0003\0005\000\040\000M\000a\000p\000C\000o\000n\000t\000r\000o\000l\000l\000e\000r\000\040\000C\000l\000a\000s\000s\000\040\000R\000e\000f\000e\000r\000e\000n\000c\000e}{chapter.3}% 76
\BOOKMARK [1][-]{section.3.36}{\376\377\0003\000.\0003\0006\000\040\000M\000a\000p\000M\000e\000n\000u\000L\000o\000g\000i\000c\000\040\000C\000l\000a\000s\000s\000\040\000R\000e\000f\000e\000r\000e\000n\000c\000e}{chapter.3}% 77
\BOOKMARK [1][-]{section.3.37}{\376\377\0003\000.\0003\0007\000\040\000M\000a\000p\000R\000e\000n\000d\000e\000r\000e\000r\000\040\000C\000l\000a\000s\000s\000\040\000R\000e\000f\000e\000r\000e\000n\000c\000e}{chapter.3}% 78
\BOOKMARK [1][-]{section.3.38}{\376\377\0003\000.\0003\0008\000\040\000M\000a\000p\000S\000e\000l\000e\000c\000t\000o\000r\000\040\000C\000l\000a\000s\000s\000\040\000R\000e\000f\000e\000r\000e\000n\000c\000e}{chapter.3}% 79
\BOOKMARK [1][-]{section.3.39}{\376\377\0003\000.\0003\0009\000\040\000M\000e\000s\000s\000a\000g\000e\000S\000c\000r\000e\000e\000n\000\040\000C\000l\000a\000s\000s\000\040\000R\000e\000f\000e\000r\000e\000n\000c\000e}{chapter.3}% 80
\BOOKMARK [1][-]{section.3.40}{\376\377\0003\000.\0004\0000\000\040\000M\000e\000s\000s\000a\000g\000e\000S\000c\000r\000e\000e\000n\000B\000u\000t\000t\000o\000n\000\040\000C\000l\000a\000s\000s\000\040\000R\000e\000f\000e\000r\000e\000n\000c\000e}{chapter.3}% 81
\BOOKMARK [1][-]{section.3.41}{\376\377\0003\000.\0004\0001\000\040\000M\000e\000s\000s\000a\000g\000e\000S\000c\000r\000e\000e\000n\000M\000a\000n\000a\000g\000e\000r\000\040\000C\000l\000a\000s\000s\000\040\000R\000e\000f\000e\000r\000e\000n\000c\000e}{chapter.3}% 82
\BOOKMARK [1][-]{section.3.42}{\376\377\0003\000.\0004\0002\000\040\000M\000e\000s\000s\000a\000g\000e\000W\000a\000r\000e\000h\000o\000u\000s\000e\000\040\000C\000l\000a\000s\000s\000\040\000R\000e\000f\000e\000r\000e\000n\000c\000e}{chapter.3}% 83
\BOOKMARK [1][-]{section.3.43}{\376\377\0003\000.\0004\0003\000\040\000M\000i\000n\000i\000C\000h\000a\000r\000a\000c\000t\000e\000r\000\040\000C\000l\000a\000s\000s\000\040\000R\000e\000f\000e\000r\000e\000n\000c\000e}{chapter.3}% 84
\BOOKMARK [1][-]{section.3.44}{\376\377\0003\000.\0004\0004\000\040\000M\000o\000v\000e\000C\000u\000r\000s\000o\000r\000\040\000C\000l\000a\000s\000s\000\040\000R\000e\000f\000e\000r\000e\000n\000c\000e}{chapter.3}% 85
\BOOKMARK [1][-]{section.3.45}{\376\377\0003\000.\0004\0005\000\040\000M\000s\000g\000A\000d\000d\000I\000n\000p\000u\000t\000F\000r\000o\000m\000B\000u\000t\000t\000o\000n\000\040\000C\000l\000a\000s\000s\000\040\000R\000e\000f\000e\000r\000e\000n\000c\000e}{chapter.3}% 86
\BOOKMARK [1][-]{section.3.46}{\376\377\0003\000.\0004\0006\000\040\000M\000s\000g\000A\000d\000d\000I\000n\000p\000u\000t\000F\000r\000o\000m\000B\000u\000t\000t\000o\000n\000R\000o\000a\000d\000P\000l\000a\000c\000e\000m\000e\000n\000t\000\040\000C\000l\000a\000s\000s\000\040\000R\000e\000f\000e\000r\000e\000n\000c\000e}{chapter.3}% 87
\BOOKMARK [1][-]{section.3.47}{\376\377\0003\000.\0004\0007\000\040\000M\000s\000g\000B\000i\000g\000C\000h\000a\000r\000a\000c\000t\000e\000r\000A\000l\000l\000A\000c\000t\000i\000o\000n\000s\000F\000i\000n\000i\000s\000h\000e\000d\000\040\000C\000l\000a\000s\000s\000\040\000R\000e\000f\000e\000r\000e\000n\000c\000e}{chapter.3}% 88
\BOOKMARK [1][-]{section.3.48}{\376\377\0003\000.\0004\0008\000\040\000M\000s\000g\000B\000i\000g\000R\000o\000b\000o\000t\000A\000c\000t\000i\000o\000n\000\040\000C\000l\000a\000s\000s\000\040\000R\000e\000f\000e\000r\000e\000n\000c\000e}{chapter.3}% 89
\BOOKMARK [1][-]{section.3.49}{\376\377\0003\000.\0004\0009\000\040\000M\000s\000g\000B\000i\000g\000R\000o\000b\000o\000t\000I\000d\000l\000e\000\040\000C\000l\000a\000s\000s\000\040\000R\000e\000f\000e\000r\000e\000n\000c\000e}{chapter.3}% 90
\BOOKMARK [1][-]{section.3.50}{\376\377\0003\000.\0005\0000\000\040\000M\000s\000g\000B\000l\000o\000c\000k\000L\000e\000n\000g\000t\000h\000\040\000C\000l\000a\000s\000s\000\040\000R\000e\000f\000e\000r\000e\000n\000c\000e}{chapter.3}% 91
\BOOKMARK [1][-]{section.3.51}{\376\377\0003\000.\0005\0001\000\040\000M\000s\000g\000C\000h\000a\000n\000g\000e\000P\000a\000r\000e\000n\000t\000B\000i\000g\000C\000h\000a\000r\000a\000c\000t\000e\000r\000\040\000C\000l\000a\000s\000s\000\040\000R\000e\000f\000e\000r\000e\000n\000c\000e}{chapter.3}% 92
\BOOKMARK [1][-]{section.3.52}{\376\377\0003\000.\0005\0002\000\040\000M\000s\000g\000D\000i\000s\000a\000b\000l\000e\000A\000l\000l\000B\000u\000t\000t\000o\000n\000s\000\040\000C\000l\000a\000s\000s\000\040\000R\000e\000f\000e\000r\000e\000n\000c\000e}{chapter.3}% 93
\BOOKMARK [1][-]{section.3.53}{\376\377\0003\000.\0005\0003\000\040\000M\000s\000g\000E\000n\000a\000b\000l\000e\000A\000l\000l\000B\000u\000t\000t\000o\000n\000s\000\040\000C\000l\000a\000s\000s\000\040\000R\000e\000f\000e\000r\000e\000n\000c\000e}{chapter.3}% 94
\BOOKMARK [1][-]{section.3.54}{\376\377\0003\000.\0005\0004\000\040\000M\000s\000g\000E\000n\000a\000b\000l\000e\000B\000u\000t\000t\000o\000n\000\040\000C\000l\000a\000s\000s\000\040\000R\000e\000f\000e\000r\000e\000n\000c\000e}{chapter.3}% 95
\BOOKMARK [1][-]{section.3.55}{\376\377\0003\000.\0005\0005\000\040\000M\000s\000g\000G\000e\000t\000M\000a\000i\000n\000C\000a\000m\000e\000r\000a\000T\000r\000a\000n\000s\000f\000o\000r\000m\000\040\000C\000l\000a\000s\000s\000\040\000R\000e\000f\000e\000r\000e\000n\000c\000e}{chapter.3}% 96
\BOOKMARK [1][-]{section.3.56}{\376\377\0003\000.\0005\0006\000\040\000M\000s\000g\000H\000i\000d\000e\000A\000l\000l\000S\000c\000r\000e\000e\000n\000s\000\040\000C\000l\000a\000s\000s\000\040\000R\000e\000f\000e\000r\000e\000n\000c\000e}{chapter.3}% 97
\BOOKMARK [1][-]{section.3.57}{\376\377\0003\000.\0005\0007\000\040\000M\000s\000g\000L\000o\000a\000d\000L\000e\000v\000e\000l\000D\000a\000t\000a\000\040\000C\000l\000a\000s\000s\000\040\000R\000e\000f\000e\000r\000e\000n\000c\000e}{chapter.3}% 98
\BOOKMARK [1][-]{section.3.58}{\376\377\0003\000.\0005\0008\000\040\000M\000s\000g\000P\000l\000a\000c\000e\000C\000h\000a\000r\000a\000c\000t\000e\000r\000\040\000C\000l\000a\000s\000s\000\040\000R\000e\000f\000e\000r\000e\000n\000c\000e}{chapter.3}% 99
\BOOKMARK [1][-]{section.3.59}{\376\377\0003\000.\0005\0009\000\040\000M\000s\000g\000P\000l\000a\000y\000S\000f\000x\000\040\000C\000l\000a\000s\000s\000\040\000R\000e\000f\000e\000r\000e\000n\000c\000e}{chapter.3}% 100
\BOOKMARK [1][-]{section.3.60}{\376\377\0003\000.\0006\0000\000\040\000M\000s\000g\000P\000l\000a\000y\000S\000f\000x\000A\000t\000P\000o\000i\000n\000t\000\040\000C\000l\000a\000s\000s\000\040\000R\000e\000f\000e\000r\000e\000n\000c\000e}{chapter.3}% 101
\BOOKMARK [1][-]{section.3.61}{\376\377\0003\000.\0006\0001\000\040\000M\000s\000g\000R\000e\000n\000d\000e\000r\000M\000a\000p\000A\000n\000d\000I\000t\000e\000m\000s\000\040\000C\000l\000a\000s\000s\000\040\000R\000e\000f\000e\000r\000e\000n\000c\000e}{chapter.3}% 102
\BOOKMARK [1][-]{section.3.62}{\376\377\0003\000.\0006\0002\000\040\000M\000s\000g\000R\000e\000n\000d\000e\000r\000S\000c\000e\000n\000e\000r\000y\000\040\000C\000l\000a\000s\000s\000\040\000R\000e\000f\000e\000r\000e\000n\000c\000e}{chapter.3}% 103
\BOOKMARK [1][-]{section.3.63}{\376\377\0003\000.\0006\0003\000\040\000M\000s\000g\000S\000e\000t\000A\000v\000I\000n\000s\000t\000r\000u\000c\000t\000i\000o\000n\000s\000\040\000C\000l\000a\000s\000s\000\040\000R\000e\000f\000e\000r\000e\000n\000c\000e}{chapter.3}% 104
\BOOKMARK [1][-]{section.3.64}{\376\377\0003\000.\0006\0004\000\040\000M\000s\000g\000S\000h\000o\000w\000S\000c\000r\000e\000e\000n\000\040\000C\000l\000a\000s\000s\000\040\000R\000e\000f\000e\000r\000e\000n\000c\000e}{chapter.3}% 105
\BOOKMARK [1][-]{section.3.65}{\376\377\0003\000.\0006\0005\000\040\000M\000s\000g\000S\000o\000m\000e\000t\000h\000i\000n\000g\000T\000a\000p\000p\000e\000d\000\040\000C\000l\000a\000s\000s\000\040\000R\000e\000f\000e\000r\000e\000n\000c\000e}{chapter.3}% 106
\BOOKMARK [1][-]{section.3.66}{\376\377\0003\000.\0006\0006\000\040\000M\000s\000g\000S\000t\000a\000r\000t\000L\000e\000v\000e\000l\000\040\000C\000l\000a\000s\000s\000\040\000R\000e\000f\000e\000r\000e\000n\000c\000e}{chapter.3}% 107
\BOOKMARK [1][-]{section.3.67}{\376\377\0003\000.\0006\0007\000\040\000M\000s\000g\000S\000t\000a\000r\000t\000R\000o\000a\000d\000M\000o\000v\000e\000m\000e\000n\000t\000\040\000C\000l\000a\000s\000s\000\040\000R\000e\000f\000e\000r\000e\000n\000c\000e}{chapter.3}% 108
\BOOKMARK [1][-]{section.3.68}{\376\377\0003\000.\0006\0008\000\040\000M\000s\000g\000S\000t\000o\000p\000M\000o\000v\000e\000m\000e\000n\000t\000\040\000C\000l\000a\000s\000s\000\040\000R\000e\000f\000e\000r\000e\000n\000c\000e}{chapter.3}% 109
\BOOKMARK [1][-]{section.3.69}{\376\377\0003\000.\0006\0009\000\040\000M\000s\000g\000T\000a\000k\000e\000I\000t\000e\000m\000\040\000C\000l\000a\000s\000s\000\040\000R\000e\000f\000e\000r\000e\000n\000c\000e}{chapter.3}% 110
\BOOKMARK [1][-]{section.3.70}{\376\377\0003\000.\0007\0000\000\040\000M\000s\000g\000T\000a\000p\000p\000e\000d\000C\000o\000n\000d\000i\000t\000i\000o\000n\000C\000a\000r\000d\000\040\000C\000l\000a\000s\000s\000\040\000R\000e\000f\000e\000r\000e\000n\000c\000e}{chapter.3}% 111
\BOOKMARK [1][-]{section.3.71}{\376\377\0003\000.\0007\0001\000\040\000M\000s\000g\000U\000s\000e\000I\000t\000e\000m\000\040\000C\000l\000a\000s\000s\000\040\000R\000e\000f\000e\000r\000e\000n\000c\000e}{chapter.3}% 112
\BOOKMARK [1][-]{section.3.72}{\376\377\0003\000.\0007\0002\000\040\000N\000o\000d\000e\000I\000f\000I\000n\000\040\000C\000l\000a\000s\000s\000\040\000R\000e\000f\000e\000r\000e\000n\000c\000e}{chapter.3}% 113
\BOOKMARK [1][-]{section.3.73}{\376\377\0003\000.\0007\0003\000\040\000N\000o\000d\000e\000I\000f\000O\000u\000t\000\040\000C\000l\000a\000s\000s\000\040\000R\000e\000f\000e\000r\000e\000n\000c\000e}{chapter.3}% 114
\BOOKMARK [1][-]{section.3.74}{\376\377\0003\000.\0007\0004\000\040\000N\000o\000d\000e\000L\000o\000o\000p\000I\000n\000\040\000C\000l\000a\000s\000s\000\040\000R\000e\000f\000e\000r\000e\000n\000c\000e}{chapter.3}% 115
\BOOKMARK [1][-]{section.3.75}{\376\377\0003\000.\0007\0005\000\040\000N\000o\000d\000e\000L\000o\000o\000p\000O\000u\000t\000\040\000C\000l\000a\000s\000s\000\040\000R\000e\000f\000e\000r\000e\000n\000c\000e}{chapter.3}% 116
\BOOKMARK [1][-]{section.3.76}{\376\377\0003\000.\0007\0006\000\040\000N\000o\000d\000e\000V\000e\000r\000t\000i\000c\000a\000l\000B\000u\000t\000t\000o\000n\000\040\000C\000l\000a\000s\000s\000\040\000R\000e\000f\000e\000r\000e\000n\000c\000e}{chapter.3}% 117
\BOOKMARK [1][-]{section.3.77}{\376\377\0003\000.\0007\0007\000\040\000P\000a\000t\000h\000C\000o\000n\000t\000a\000i\000n\000e\000r\000.\000P\000a\000t\000h\000\040\000S\000t\000r\000u\000c\000t\000\040\000R\000e\000f\000e\000r\000e\000n\000c\000e}{chapter.3}% 118
\BOOKMARK [1][-]{section.3.78}{\376\377\0003\000.\0007\0008\000\040\000P\000a\000t\000h\000C\000o\000n\000t\000a\000i\000n\000e\000r\000\040\000C\000l\000a\000s\000s\000\040\000R\000e\000f\000e\000r\000e\000n\000c\000e}{chapter.3}% 119
\BOOKMARK [1][-]{section.3.79}{\376\377\0003\000.\0007\0009\000\040\000P\000a\000t\000h\000P\000o\000i\000n\000t\000\040\000C\000l\000a\000s\000s\000\040\000R\000e\000f\000e\000r\000e\000n\000c\000e}{chapter.3}% 120
\BOOKMARK [1][-]{section.3.80}{\376\377\0003\000.\0008\0000\000\040\000P\000h\000y\000s\000i\000c\000a\000l\000B\000o\000d\000y\000\040\000C\000l\000a\000s\000s\000\040\000R\000e\000f\000e\000r\000e\000n\000c\000e}{chapter.3}% 121
\BOOKMARK [1][-]{section.3.81}{\376\377\0003\000.\0008\0001\000\040\000P\000h\000y\000s\000i\000c\000a\000l\000C\000a\000m\000e\000r\000a\000\040\000C\000l\000a\000s\000s\000\040\000R\000e\000f\000e\000r\000e\000n\000c\000e}{chapter.3}% 122
\BOOKMARK [1][-]{section.3.82}{\376\377\0003\000.\0008\0002\000\040\000P\000h\000y\000s\000i\000c\000a\000l\000C\000a\000m\000e\000r\000a\000C\000o\000n\000t\000r\000o\000l\000l\000e\000r\000\040\000C\000l\000a\000s\000s\000\040\000R\000e\000f\000e\000r\000e\000n\000c\000e}{chapter.3}% 123
\BOOKMARK [1][-]{section.3.83}{\376\377\0003\000.\0008\0003\000\040\000P\000l\000a\000c\000e\000a\000b\000l\000e\000\040\000C\000l\000a\000s\000s\000\040\000R\000e\000f\000e\000r\000e\000n\000c\000e}{chapter.3}% 124
\BOOKMARK [2][-]{subsection.3.83.1}{\376\377\0003\000.\0008\0003\000.\0001\000\040\000D\000e\000t\000a\000i\000l\000e\000d\000\040\000D\000e\000s\000c\000r\000i\000p\000t\000i\000o\000n}{section.3.83}% 125
\BOOKMARK [2][-]{subsection.3.83.2}{\376\377\0003\000.\0008\0003\000.\0002\000\040\000M\000e\000m\000b\000e\000r\000\040\000F\000u\000n\000c\000t\000i\000o\000n\000\040\000D\000o\000c\000u\000m\000e\000n\000t\000a\000t\000i\000o\000n}{section.3.83}% 126
\BOOKMARK [3][-]{subsubsection.3.83.2.1}{\376\377\0003\000.\0008\0003\000.\0002\000.\0001\000\040\000O\000n\000P\000l\000a\000c\000e\000m\000e\000n\000t\000S\000t\000a\000r\000t\000\050\000\051}{subsection.3.83.2}% 127
\BOOKMARK [3][-]{subsubsection.3.83.2.2}{\376\377\0003\000.\0008\0003\000.\0002\000.\0002\000\040\000O\000n\000P\000l\000a\000c\000e\000m\000e\000n\000t\000S\000t\000o\000p\000\050\000\051}{subsection.3.83.2}% 128
\BOOKMARK [2][-]{subsection.3.83.3}{\376\377\0003\000.\0008\0003\000.\0003\000\040\000P\000r\000o\000p\000e\000r\000t\000y\000\040\000D\000o\000c\000u\000m\000e\000n\000t\000a\000t\000i\000o\000n}{section.3.83}% 129
\BOOKMARK [3][-]{subsubsection.3.83.3.1}{\376\377\0003\000.\0008\0003\000.\0003\000.\0001\000\040\000I\000s\000P\000l\000a\000c\000i\000n\000g}{subsection.3.83.3}% 130
\BOOKMARK [1][-]{section.3.84}{\376\377\0003\000.\0008\0004\000\040\000P\000l\000a\000n\000e\000t\000O\000c\000c\000l\000u\000s\000i\000o\000n\000\040\000C\000l\000a\000s\000s\000\040\000R\000e\000f\000e\000r\000e\000n\000c\000e}{chapter.3}% 131
\BOOKMARK [2][-]{subsection.3.84.1}{\376\377\0003\000.\0008\0004\000.\0001\000\040\000D\000e\000t\000a\000i\000l\000e\000d\000\040\000D\000e\000s\000c\000r\000i\000p\000t\000i\000o\000n}{section.3.84}% 132
\BOOKMARK [1][-]{section.3.85}{\376\377\0003\000.\0008\0005\000\040\000P\000l\000a\000n\000e\000t\000O\000r\000b\000i\000t\000\040\000C\000l\000a\000s\000s\000\040\000R\000e\000f\000e\000r\000e\000n\000c\000e}{chapter.3}% 133
\BOOKMARK [2][-]{subsection.3.85.1}{\376\377\0003\000.\0008\0005\000.\0001\000\040\000D\000e\000t\000a\000i\000l\000e\000d\000\040\000D\000e\000s\000c\000r\000i\000p\000t\000i\000o\000n}{section.3.85}% 134
\BOOKMARK [1][-]{section.3.86}{\376\377\0003\000.\0008\0006\000\040\000P\000l\000a\000t\000f\000o\000r\000m\000M\000o\000v\000e\000m\000e\000n\000t\000\040\000C\000l\000a\000s\000s\000\040\000R\000e\000f\000e\000r\000e\000n\000c\000e}{chapter.3}% 135
\BOOKMARK [1][-]{section.3.87}{\376\377\0003\000.\0008\0007\000\040\000P\000l\000a\000y\000S\000p\000a\000c\000e\000M\000a\000n\000a\000g\000e\000r\000\040\000C\000l\000a\000s\000s\000\040\000R\000e\000f\000e\000r\000e\000n\000c\000e}{chapter.3}% 136
\BOOKMARK [2][-]{subsection.3.87.1}{\376\377\0003\000.\0008\0007\000.\0001\000\040\000D\000e\000t\000a\000i\000l\000e\000d\000\040\000D\000e\000s\000c\000r\000i\000p\000t\000i\000o\000n}{section.3.87}% 137
\BOOKMARK [1][-]{section.3.88}{\376\377\0003\000.\0008\0008\000\040\000R\000e\000s\000p\000o\000n\000s\000e\000W\000r\000a\000p\000p\000e\000r\000<\000\040\000T\000P\000e\000t\000i\000t\000i\000o\000n\000,\000\040\000T\000R\000e\000s\000p\000o\000n\000s\000e\000\040\000>\000\040\000C\000l\000a\000s\000s\000\040\000T\000e\000m\000p\000l\000a\000t\000e\000\040\000R\000e\000f\000e\000r\000e\000n\000c\000e}{chapter.3}% 138
\BOOKMARK [1][-]{section.3.89}{\376\377\0003\000.\0008\0009\000\040\000R\000o\000a\000d\000\040\000C\000l\000a\000s\000s\000\040\000R\000e\000f\000e\000r\000e\000n\000c\000e}{chapter.3}% 139
\BOOKMARK [1][-]{section.3.90}{\376\377\0003\000.\0009\0000\000\040\000R\000o\000a\000d\000B\000u\000t\000t\000o\000n\000\040\000C\000l\000a\000s\000s\000\040\000R\000e\000f\000e\000r\000e\000n\000c\000e}{chapter.3}% 140
\BOOKMARK [1][-]{section.3.91}{\376\377\0003\000.\0009\0001\000\040\000R\000o\000a\000d\000F\000a\000c\000t\000o\000r\000y\000\040\000C\000l\000a\000s\000s\000\040\000R\000e\000f\000e\000r\000e\000n\000c\000e}{chapter.3}% 141
\BOOKMARK [1][-]{section.3.92}{\376\377\0003\000.\0009\0002\000\040\000R\000o\000a\000d\000I\000n\000p\000u\000t\000\040\000C\000l\000a\000s\000s\000\040\000R\000e\000f\000e\000r\000e\000n\000c\000e}{chapter.3}% 142
\BOOKMARK [1][-]{section.3.93}{\376\377\0003\000.\0009\0003\000\040\000R\000o\000a\000d\000I\000O\000\040\000C\000l\000a\000s\000s\000\040\000R\000e\000f\000e\000r\000e\000n\000c\000e}{chapter.3}% 143
\BOOKMARK [1][-]{section.3.94}{\376\377\0003\000.\0009\0004\000\040\000R\000o\000a\000d\000M\000o\000v\000e\000m\000e\000n\000t\000L\000o\000g\000i\000c\000\040\000C\000l\000a\000s\000s\000\040\000R\000e\000f\000e\000r\000e\000n\000c\000e}{chapter.3}% 144
\BOOKMARK [1][-]{section.3.95}{\376\377\0003\000.\0009\0005\000\040\000R\000o\000a\000d\000O\000u\000t\000p\000u\000t\000\040\000C\000l\000a\000s\000s\000\040\000R\000e\000f\000e\000r\000e\000n\000c\000e}{chapter.3}% 145
\BOOKMARK [1][-]{section.3.96}{\376\377\0003\000.\0009\0006\000\040\000R\000o\000a\000d\000P\000l\000a\000c\000e\000m\000e\000n\000t\000L\000o\000g\000i\000c\000\040\000C\000l\000a\000s\000s\000\040\000R\000e\000f\000e\000r\000e\000n\000c\000e}{chapter.3}% 146
\BOOKMARK [1][-]{section.3.97}{\376\377\0003\000.\0009\0007\000\040\000R\000o\000t\000a\000t\000e\000A\000s\000t\000e\000r\000o\000i\000d\000s\000\040\000C\000l\000a\000s\000s\000\040\000R\000e\000f\000e\000r\000e\000n\000c\000e}{chapter.3}% 147
\BOOKMARK [2][-]{subsection.3.97.1}{\376\377\0003\000.\0009\0007\000.\0001\000\040\000D\000e\000t\000a\000i\000l\000e\000d\000\040\000D\000e\000s\000c\000r\000i\000p\000t\000i\000o\000n}{section.3.97}% 148
\BOOKMARK [2][-]{subsection.3.97.2}{\376\377\0003\000.\0009\0007\000.\0002\000\040\000M\000e\000m\000b\000e\000r\000\040\000D\000a\000t\000a\000\040\000D\000o\000c\000u\000m\000e\000n\000t\000a\000t\000i\000o\000n}{section.3.97}% 149
\BOOKMARK [3][-]{subsubsection.3.97.2.1}{\376\377\0003\000.\0009\0007\000.\0002\000.\0001\000\040\000p\000e\000r\000i\000o\000d}{subsection.3.97.2}% 150
\BOOKMARK [1][-]{section.3.98}{\376\377\0003\000.\0009\0008\000\040\000R\000o\000t\000a\000t\000e\000M\000a\000i\000n\000B\000a\000c\000k\000g\000r\000o\000u\000n\000d\000\040\000C\000l\000a\000s\000s\000\040\000R\000e\000f\000e\000r\000e\000n\000c\000e}{chapter.3}% 151
\BOOKMARK [1][-]{section.3.99}{\376\377\0003\000.\0009\0009\000\040\000S\000c\000e\000n\000e\000C\000a\000l\000l\000e\000r\000\040\000C\000l\000a\000s\000s\000\040\000R\000e\000f\000e\000r\000e\000n\000c\000e}{chapter.3}% 152
\BOOKMARK [1][-]{section.3.100}{\376\377\0003\000.\0001\0000\0000\000\040\000S\000c\000r\000o\000l\000l\000T\000e\000x\000t\000u\000r\000e\000\040\000C\000l\000a\000s\000s\000\040\000R\000e\000f\000e\000r\000e\000n\000c\000e}{chapter.3}% 153
\BOOKMARK [1][-]{section.3.101}{\376\377\0003\000.\0001\0000\0001\000\040\000S\000e\000l\000e\000c\000t\000A\000r\000r\000o\000w\000\040\000C\000l\000a\000s\000s\000\040\000R\000e\000f\000e\000r\000e\000n\000c\000e}{chapter.3}% 154
\BOOKMARK [1][-]{section.3.102}{\376\377\0003\000.\0001\0000\0002\000\040\000S\000e\000l\000e\000c\000t\000e\000d\000M\000a\000p\000\040\000C\000l\000a\000s\000s\000\040\000R\000e\000f\000e\000r\000e\000n\000c\000e}{chapter.3}% 155
\BOOKMARK [1][-]{section.3.103}{\376\377\0003\000.\0001\0000\0003\000\040\000S\000e\000l\000e\000c\000t\000e\000d\000O\000u\000t\000p\000u\000t\000M\000a\000r\000k\000e\000r\000\040\000C\000l\000a\000s\000s\000\040\000R\000e\000f\000e\000r\000e\000n\000c\000e}{chapter.3}% 156
\BOOKMARK [1][-]{section.3.104}{\376\377\0003\000.\0001\0000\0004\000\040\000S\000o\000u\000n\000d\000E\000n\000g\000i\000n\000e\000\040\000C\000l\000a\000s\000s\000\040\000R\000e\000f\000e\000r\000e\000n\000c\000e}{chapter.3}% 157
\BOOKMARK [1][-]{section.3.105}{\376\377\0003\000.\0001\0000\0005\000\040\000S\000p\000a\000c\000e\000C\000o\000l\000l\000e\000c\000t\000i\000o\000n\000M\000a\000n\000a\000g\000e\000r\000\040\000C\000l\000a\000s\000s\000\040\000R\000e\000f\000e\000r\000e\000n\000c\000e}{chapter.3}% 158
\BOOKMARK [2][-]{subsection.3.105.1}{\376\377\0003\000.\0001\0000\0005\000.\0001\000\040\000D\000e\000t\000a\000i\000l\000e\000d\000\040\000D\000e\000s\000c\000r\000i\000p\000t\000i\000o\000n}{section.3.105}% 159
\BOOKMARK [2][-]{subsection.3.105.2}{\376\377\0003\000.\0001\0000\0005\000.\0002\000\040\000M\000e\000m\000b\000e\000r\000\040\000F\000u\000n\000c\000t\000i\000o\000n\000\040\000D\000o\000c\000u\000m\000e\000n\000t\000a\000t\000i\000o\000n}{section.3.105}% 160
\BOOKMARK [3][-]{subsubsection.3.105.2.1}{\376\377\0003\000.\0001\0000\0005\000.\0002\000.\0001\000\040\000S\000e\000t\000S\000u\000r\000f\000a\000c\000e\000s\000\050\000\051}{subsection.3.105.2}% 161
\BOOKMARK [1][-]{section.3.106}{\376\377\0003\000.\0001\0000\0006\000\040\000S\000u\000b\000s\000c\000r\000i\000p\000t\000i\000o\000n\000<\000\040\000T\000m\000e\000s\000s\000a\000g\000e\000\040\000>\000\040\000C\000l\000a\000s\000s\000\040\000T\000e\000m\000p\000l\000a\000t\000e\000\040\000R\000e\000f\000e\000r\000e\000n\000c\000e}{chapter.3}% 162
\BOOKMARK [1][-]{section.3.107}{\376\377\0003\000.\0001\0000\0007\000\040\000S\000u\000n\000S\000c\000r\000i\000p\000t\000\040\000C\000l\000a\000s\000s\000\040\000R\000e\000f\000e\000r\000e\000n\000c\000e}{chapter.3}% 163
\BOOKMARK [2][-]{subsection.3.107.1}{\376\377\0003\000.\0001\0000\0007\000.\0001\000\040\000D\000e\000t\000a\000i\000l\000e\000d\000\040\000D\000e\000s\000c\000r\000i\000p\000t\000i\000o\000n}{section.3.107}% 164
\BOOKMARK [2][-]{subsection.3.107.2}{\376\377\0003\000.\0001\0000\0007\000.\0002\000\040\000M\000e\000m\000b\000e\000r\000\040\000F\000u\000n\000c\000t\000i\000o\000n\000\040\000D\000o\000c\000u\000m\000e\000n\000t\000a\000t\000i\000o\000n}{section.3.107}% 165
\BOOKMARK [3][-]{subsubsection.3.107.2.1}{\376\377\0003\000.\0001\0000\0007\000.\0002\000.\0001\000\040\000G\000e\000t\000D\000a\000y\000T\000i\000m\000e\000\050\000\051}{subsection.3.107.2}% 166
\BOOKMARK [3][-]{subsubsection.3.107.2.2}{\376\377\0003\000.\0001\0000\0007\000.\0002\000.\0002\000\040\000G\000e\000t\000D\000i\000s\000t\000a\000n\000c\000e\000\050\000\051}{subsection.3.107.2}% 167
\BOOKMARK [3][-]{subsubsection.3.107.2.3}{\376\377\0003\000.\0001\0000\0007\000.\0002\000.\0003\000\040\000G\000e\000t\000Y\000e\000a\000r\000T\000i\000m\000e\000\050\000\051}{subsection.3.107.2}% 168
\BOOKMARK [2][-]{subsection.3.107.3}{\376\377\0003\000.\0001\0000\0007\000.\0003\000\040\000M\000e\000m\000b\000e\000r\000\040\000D\000a\000t\000a\000\040\000D\000o\000c\000u\000m\000e\000n\000t\000a\000t\000i\000o\000n}{section.3.107}% 169
\BOOKMARK [3][-]{subsubsection.3.107.3.1}{\376\377\0003\000.\0001\0000\0007\000.\0003\000.\0001\000\040\000E\000a\000r\000t\000h\000Y\000e\000a\000r}{subsection.3.107.3}% 170
\BOOKMARK [3][-]{subsubsection.3.107.3.2}{\376\377\0003\000.\0001\0000\0007\000.\0003\000.\0002\000\040\000O\000n\000e\000A\000U\000I\000n\000M\000e\000t\000e\000r\000s}{subsection.3.107.3}% 171
\BOOKMARK [1][-]{section.3.108}{\376\377\0003\000.\0001\0000\0008\000\040\000U\000n\000i\000q\000u\000e\000I\000d\000e\000n\000t\000i\000f\000i\000e\000r\000A\000t\000t\000r\000i\000b\000u\000t\000e\000\040\000C\000l\000a\000s\000s\000\040\000R\000e\000f\000e\000r\000e\000n\000c\000e}{chapter.3}% 172
\BOOKMARK [1][-]{section.3.109}{\376\377\0003\000.\0001\0000\0009\000\040\000V\000e\000r\000t\000i\000c\000a\000l\000B\000u\000t\000t\000o\000n\000\040\000C\000l\000a\000s\000s\000\040\000R\000e\000f\000e\000r\000e\000n\000c\000e}{chapter.3}% 173
\BOOKMARK [0][-]{section*.334}{\376\377\000I\000n\000d\000e\000x}{}% 174
